<?xml version="1.0" encoding="UTF-8"?>
<!-- Generated by org.testng.reporters.JUnitReportReporter -->
<testsuite skipped="0" hostname="Rupom-Rups" name="Qaclickacademy.mavenJava.SomaTest" tests="2" failures="0" timestamp="19 Mar 2020 03:11:50 GMT" time="0.073" errors="0">
  <testcase name="rupomroy" time="0.002" classname="Qaclickacademy.mavenJava.SomaTest"/>
  <testcase name="rupom" time="0.071" classname="Qaclickacademy.mavenJava.SomaTest"/>
</testsuite> <!-- Qaclickacademy.mavenJava.SomaTest -->
