<?xml version="1.0" encoding="UTF-8"?>
<!-- Generated by org.testng.reporters.JUnitReportReporter -->
<testsuite skipped="0" hostname="Rupom-Rups" name="Qaclickacademy.mavenJava.AppiumTest" tests="2" failures="0" timestamp="19 Mar 2020 03:11:27 GMT" time="0.060" errors="0">
  <testcase name="mobiletest" time="0.039" classname="Qaclickacademy.mavenJava.AppiumTest"/>
  <testcase name="mobile" time="0.021" classname="Qaclickacademy.mavenJava.AppiumTest"/>
</testsuite> <!-- Qaclickacademy.mavenJava.AppiumTest -->
