<?xml version="1.0" encoding="UTF-8"?>
<!-- Generated by org.testng.reporters.JUnitReportReporter -->
<testsuite skipped="0" hostname="Rupom-Rups" name="Qaclickacademy.mavenJava.ExtentReport" tests="1" failures="0" timestamp="09 Aug 2020 17:27:34 GMT" time="10.599" errors="0">
  <testcase name="initialDemo" time="10.599" classname="Qaclickacademy.mavenJava.ExtentReport"/>
</testsuite> <!-- Qaclickacademy.mavenJava.ExtentReport -->
