<?xml version="1.0" encoding="UTF-8"?>
<!-- Generated by org.testng.reporters.JUnitReportReporter -->
<testsuite skipped="0" hostname="Rupom-Rups" name="Qaclickacademy.mavenJava.AppiumTest" tests="2" failures="0" timestamp="23 Mar 2020 10:34:41 GMT" time="0.023" errors="0">
  <testcase name="mobile" time="0.022" classname="Qaclickacademy.mavenJava.AppiumTest"/>
  <testcase name="mobiletest" time="0.001" classname="Qaclickacademy.mavenJava.AppiumTest"/>
</testsuite> <!-- Qaclickacademy.mavenJava.AppiumTest -->
