<?xml version="1.0" encoding="UTF-8"?>
<!-- Generated by org.testng.reporters.JUnitReportReporter -->
<testsuite skipped="0" hostname="Rupom-Rups" name="Qaclickacademy.mavenJava.SomaTest" tests="2" failures="0" timestamp="23 Mar 2020 10:34:41 GMT" time="0.001" errors="0">
  <testcase name="rupom" time="0.001" classname="Qaclickacademy.mavenJava.SomaTest"/>
  <testcase name="rupomroy" time="0.000" classname="Qaclickacademy.mavenJava.SomaTest"/>
</testsuite> <!-- Qaclickacademy.mavenJava.SomaTest -->
